[0.010s] Invoking command in '/home/dudu/arm_robot_ws/build/arm_robot_moveit': CMAKE_PREFIX_PATH=/home/dudu/arm_robot_ws/install/arm_robot_description:/home/dudu/arm_robot_ws/install/arm_robot_moveit:/home/dudu/arm_robot_ws/install/arm_robot_driver:/opt/ros/humble /usr/bin/cmake /home/dudu/arm_robot_ws/src/arm_robot_moveit -DCMAKE_INSTALL_PREFIX=/home/dudu/arm_robot_ws/install/arm_robot_moveit
[0.060s] -- The C compiler identification is GNU 11.4.0
[0.102s] -- The CXX compiler identification is GNU 11.4.0
[0.107s] -- Detecting C compiler ABI info
[0.164s] -- Detecting C compiler ABI info - done
[0.168s] -- Check for working C compiler: /usr/bin/cc - skipped
[0.168s] -- Detecting C compile features
[0.168s] -- Detecting C compile features - done
[0.170s] -- Detecting CXX compiler ABI info
[0.233s] -- Detecting CXX compiler ABI info - done
[0.236s] -- Check for working CXX compiler: /usr/bin/c++ - skipped
[0.237s] -- Detecting CXX compile features
[0.237s] -- Detecting CXX compile features - done
[0.239s] -- Found ament_cmake: 1.3.8 (/opt/ros/humble/share/ament_cmake/cmake)
[0.350s] -- Found Python3: /usr/bin/python3 (found version "3.10.12") found components: Interpreter 
[0.456s] -- Configuring done
[0.458s] -- Generating done
[0.459s] -- Build files have been written to: /home/dudu/arm_robot_ws/build/arm_robot_moveit
[0.463s] Invoked command in '/home/dudu/arm_robot_ws/build/arm_robot_moveit' returned '0': CMAKE_PREFIX_PATH=/home/dudu/arm_robot_ws/install/arm_robot_description:/home/dudu/arm_robot_ws/install/arm_robot_moveit:/home/dudu/arm_robot_ws/install/arm_robot_driver:/opt/ros/humble /usr/bin/cmake /home/dudu/arm_robot_ws/src/arm_robot_moveit -DCMAKE_INSTALL_PREFIX=/home/dudu/arm_robot_ws/install/arm_robot_moveit
[0.463s] Invoking command in '/home/dudu/arm_robot_ws/build/arm_robot_moveit': CMAKE_PREFIX_PATH=/home/dudu/arm_robot_ws/install/arm_robot_description:/home/dudu/arm_robot_ws/install/arm_robot_moveit:/home/dudu/arm_robot_ws/install/arm_robot_driver:/opt/ros/humble /usr/bin/cmake --build /home/dudu/arm_robot_ws/build/arm_robot_moveit -- -j2 -l2
[0.492s] Invoked command in '/home/dudu/arm_robot_ws/build/arm_robot_moveit' returned '0': CMAKE_PREFIX_PATH=/home/dudu/arm_robot_ws/install/arm_robot_description:/home/dudu/arm_robot_ws/install/arm_robot_moveit:/home/dudu/arm_robot_ws/install/arm_robot_driver:/opt/ros/humble /usr/bin/cmake --build /home/dudu/arm_robot_ws/build/arm_robot_moveit -- -j2 -l2
[0.512s] Invoking command in '/home/dudu/arm_robot_ws/build/arm_robot_moveit': CMAKE_PREFIX_PATH=/home/dudu/arm_robot_ws/install/arm_robot_description:/home/dudu/arm_robot_ws/install/arm_robot_moveit:/home/dudu/arm_robot_ws/install/arm_robot_driver:/opt/ros/humble /usr/bin/cmake --install /home/dudu/arm_robot_ws/build/arm_robot_moveit
[0.518s] -- Install configuration: ""
[0.518s] -- Installing: /home/dudu/arm_robot_ws/install/arm_robot_moveit/share/ament_index/resource_index/package_run_dependencies/arm_robot_moveit
[0.518s] -- Installing: /home/dudu/arm_robot_ws/install/arm_robot_moveit/share/ament_index/resource_index/parent_prefix_path/arm_robot_moveit
[0.519s] -- Installing: /home/dudu/arm_robot_ws/install/arm_robot_moveit/share/arm_robot_moveit/environment/ament_prefix_path.sh
[0.519s] -- Installing: /home/dudu/arm_robot_ws/install/arm_robot_moveit/share/arm_robot_moveit/environment/ament_prefix_path.dsv
[0.519s] -- Installing: /home/dudu/arm_robot_ws/install/arm_robot_moveit/share/arm_robot_moveit/environment/path.sh
[0.519s] -- Installing: /home/dudu/arm_robot_ws/install/arm_robot_moveit/share/arm_robot_moveit/environment/path.dsv
[0.519s] -- Installing: /home/dudu/arm_robot_ws/install/arm_robot_moveit/share/arm_robot_moveit/local_setup.bash
[0.519s] -- Installing: /home/dudu/arm_robot_ws/install/arm_robot_moveit/share/arm_robot_moveit/local_setup.sh
[0.519s] -- Installing: /home/dudu/arm_robot_ws/install/arm_robot_moveit/share/arm_robot_moveit/local_setup.zsh
[0.519s] -- Installing: /home/dudu/arm_robot_ws/install/arm_robot_moveit/share/arm_robot_moveit/local_setup.dsv
[0.519s] -- Installing: /home/dudu/arm_robot_ws/install/arm_robot_moveit/share/arm_robot_moveit/package.dsv
[0.519s] -- Installing: /home/dudu/arm_robot_ws/install/arm_robot_moveit/share/ament_index/resource_index/packages/arm_robot_moveit
[0.520s] -- Installing: /home/dudu/arm_robot_ws/install/arm_robot_moveit/share/arm_robot_moveit/cmake/arm_robot_moveitConfig.cmake
[0.520s] -- Installing: /home/dudu/arm_robot_ws/install/arm_robot_moveit/share/arm_robot_moveit/cmake/arm_robot_moveitConfig-version.cmake
[0.520s] -- Installing: /home/dudu/arm_robot_ws/install/arm_robot_moveit/share/arm_robot_moveit/package.xml
[0.520s] -- Installing: /home/dudu/arm_robot_ws/install/arm_robot_moveit/share/arm_robot_moveit/launch
[0.520s] -- Installing: /home/dudu/arm_robot_ws/install/arm_robot_moveit/share/arm_robot_moveit/launch/setup_assistant.launch.py
[0.521s] -- Installing: /home/dudu/arm_robot_ws/install/arm_robot_moveit/share/arm_robot_moveit/launch/moveit_rviz.launch.py
[0.521s] -- Installing: /home/dudu/arm_robot_ws/install/arm_robot_moveit/share/arm_robot_moveit/launch/static_virtual_joint_tfs.launch.py
[0.521s] -- Installing: /home/dudu/arm_robot_ws/install/arm_robot_moveit/share/arm_robot_moveit/launch/demo.launch.py
[0.521s] -- Installing: /home/dudu/arm_robot_ws/install/arm_robot_moveit/share/arm_robot_moveit/launch/warehouse_db.launch.py
[0.521s] -- Installing: /home/dudu/arm_robot_ws/install/arm_robot_moveit/share/arm_robot_moveit/launch/spawn_controllers.launch.py
[0.521s] -- Installing: /home/dudu/arm_robot_ws/install/arm_robot_moveit/share/arm_robot_moveit/launch/move_group.launch.py
[0.521s] -- Installing: /home/dudu/arm_robot_ws/install/arm_robot_moveit/share/arm_robot_moveit/launch/rsp.launch.py
[0.521s] -- Installing: /home/dudu/arm_robot_ws/install/arm_robot_moveit/share/arm_robot_moveit/config
[0.521s] -- Installing: /home/dudu/arm_robot_ws/install/arm_robot_moveit/share/arm_robot_moveit/config/joint_limits.yaml
[0.521s] -- Installing: /home/dudu/arm_robot_ws/install/arm_robot_moveit/share/arm_robot_moveit/config/initial_positions.yaml
[0.521s] -- Installing: /home/dudu/arm_robot_ws/install/arm_robot_moveit/share/arm_robot_moveit/config/pilz_cartesian_limits.yaml
[0.522s] -- Installing: /home/dudu/arm_robot_ws/install/arm_robot_moveit/share/arm_robot_moveit/config/ros2_controllers.yaml
[0.522s] -- Installing: /home/dudu/arm_robot_ws/install/arm_robot_moveit/share/arm_robot_moveit/config/moveit_controllers.yaml
[0.522s] -- Installing: /home/dudu/arm_robot_ws/install/arm_robot_moveit/share/arm_robot_moveit/config/arm_robot.ros2_control.xacro
[0.522s] -- Installing: /home/dudu/arm_robot_ws/install/arm_robot_moveit/share/arm_robot_moveit/config/arm_robot.srdf
[0.522s] -- Installing: /home/dudu/arm_robot_ws/install/arm_robot_moveit/share/arm_robot_moveit/config/moveit.rviz
[0.522s] -- Installing: /home/dudu/arm_robot_ws/install/arm_robot_moveit/share/arm_robot_moveit/config/arm_robot.urdf.xacro
[0.522s] -- Installing: /home/dudu/arm_robot_ws/install/arm_robot_moveit/share/arm_robot_moveit/config/kinematics.yaml
[0.522s] -- Installing: /home/dudu/arm_robot_ws/install/arm_robot_moveit/share/arm_robot_moveit/.setup_assistant
[0.524s] Invoked command in '/home/dudu/arm_robot_ws/build/arm_robot_moveit' returned '0': CMAKE_PREFIX_PATH=/home/dudu/arm_robot_ws/install/arm_robot_description:/home/dudu/arm_robot_ws/install/arm_robot_moveit:/home/dudu/arm_robot_ws/install/arm_robot_driver:/opt/ros/humble /usr/bin/cmake --install /home/dudu/arm_robot_ws/build/arm_robot_moveit
