[0.012s] Invoking command in '/home/dudu/arm_robot_ws/build/arm_robot_description': CMAKE_PREFIX_PATH=${CMAKE_PREFIX_PATH}:/home/dudu/arm_robot_ws/install/arm_robot_driver:/opt/ros/humble /usr/bin/cmake /home/dudu/arm_robot_ws/src/arm_robot_description -DCMAKE_INSTALL_PREFIX=/home/dudu/arm_robot_ws/install/arm_robot_description
[0.059s] -- The C compiler identification is GNU 11.4.0
[0.100s] -- The CXX compiler identification is GNU 11.4.0
[0.106s] -- Detecting C compiler ABI info
[0.170s] -- Detecting C compiler ABI info - done
[0.170s] -- Check for working C compiler: /usr/bin/cc - skipped
[0.170s] -- Detecting C compile features
[0.170s] -- Detecting C compile features - done
[0.170s] -- Detecting CXX compiler ABI info
[0.244s] -- Detecting CXX compiler ABI info - done
[0.245s] -- Check for working CXX compiler: /usr/bin/c++ - skipped
[0.245s] -- Detecting CXX compile features
[0.246s] -- Detecting CXX compile features - done
[0.248s] -- Found ament_cmake: 1.3.8 (/opt/ros/humble/share/ament_cmake/cmake)
[0.355s] -- Found Python3: /usr/bin/python3 (found version "3.10.12") found components: Interpreter 
[0.416s] -- Found ament_lint_auto: 0.12.10 (/opt/ros/humble/share/ament_lint_auto/cmake)
[0.475s] -- Added test 'flake8' to check Python code syntax and style conventions
[0.475s] -- Added test 'lint_cmake' to check CMake code style
[0.476s] -- Added test 'pep257' to check Python code against some of the docstring style conventions in PEP 257
[0.478s] -- Added test 'xmllint' to check XML markup files
[0.478s] -- Configuring done
[0.480s] -- Generating done
[0.481s] -- Build files have been written to: /home/dudu/arm_robot_ws/build/arm_robot_description
[0.485s] Invoked command in '/home/dudu/arm_robot_ws/build/arm_robot_description' returned '0': CMAKE_PREFIX_PATH=${CMAKE_PREFIX_PATH}:/home/dudu/arm_robot_ws/install/arm_robot_driver:/opt/ros/humble /usr/bin/cmake /home/dudu/arm_robot_ws/src/arm_robot_description -DCMAKE_INSTALL_PREFIX=/home/dudu/arm_robot_ws/install/arm_robot_description
[0.486s] Invoking command in '/home/dudu/arm_robot_ws/build/arm_robot_description': CMAKE_PREFIX_PATH=${CMAKE_PREFIX_PATH}:/home/dudu/arm_robot_ws/install/arm_robot_driver:/opt/ros/humble /usr/bin/cmake --build /home/dudu/arm_robot_ws/build/arm_robot_description -- -j2 -l2
[0.514s] Invoked command in '/home/dudu/arm_robot_ws/build/arm_robot_description' returned '0': CMAKE_PREFIX_PATH=${CMAKE_PREFIX_PATH}:/home/dudu/arm_robot_ws/install/arm_robot_driver:/opt/ros/humble /usr/bin/cmake --build /home/dudu/arm_robot_ws/build/arm_robot_description -- -j2 -l2
[0.542s] Invoking command in '/home/dudu/arm_robot_ws/build/arm_robot_description': CMAKE_PREFIX_PATH=${CMAKE_PREFIX_PATH}:/home/dudu/arm_robot_ws/install/arm_robot_driver:/opt/ros/humble /usr/bin/cmake --install /home/dudu/arm_robot_ws/build/arm_robot_description
[0.548s] -- Install configuration: ""
[0.548s] -- Installing: /home/dudu/arm_robot_ws/install/arm_robot_description/share/arm_robot_description/config
[0.548s] -- Installing: /home/dudu/arm_robot_ws/install/arm_robot_description/share/arm_robot_description/config/joint_names_arm_robot.yaml
[0.552s] -- Installing: /home/dudu/arm_robot_ws/install/arm_robot_description/share/arm_robot_description/launch
[0.552s] -- Installing: /home/dudu/arm_robot_ws/install/arm_robot_description/share/arm_robot_description/launch/gazebo.launch.py
[0.552s] -- Installing: /home/dudu/arm_robot_ws/install/arm_robot_description/share/arm_robot_description/launch/display.launch.py
[0.553s] -- Installing: /home/dudu/arm_robot_ws/install/arm_robot_description/share/arm_robot_description/meshes
[0.553s] -- Installing: /home/dudu/arm_robot_ws/install/arm_robot_description/share/arm_robot_description/meshes/base_link.STL
[0.553s] -- Installing: /home/dudu/arm_robot_ws/install/arm_robot_description/share/arm_robot_description/meshes/link1.STL
[0.554s] -- Installing: /home/dudu/arm_robot_ws/install/arm_robot_description/share/arm_robot_description/meshes/link4.STL
[0.555s] -- Installing: /home/dudu/arm_robot_ws/install/arm_robot_description/share/arm_robot_description/meshes/link5.STL
[0.556s] -- Installing: /home/dudu/arm_robot_ws/install/arm_robot_description/share/arm_robot_description/meshes/link6.STL
[0.556s] -- Installing: /home/dudu/arm_robot_ws/install/arm_robot_description/share/arm_robot_description/meshes/link2.STL
[0.559s] -- Installing: /home/dudu/arm_robot_ws/install/arm_robot_description/share/arm_robot_description/meshes/link3.STL
[0.560s] -- Installing: /home/dudu/arm_robot_ws/install/arm_robot_description/share/arm_robot_description/rviz
[0.560s] -- Installing: /home/dudu/arm_robot_ws/install/arm_robot_description/share/arm_robot_description/src
[0.560s] -- Installing: /home/dudu/arm_robot_ws/install/arm_robot_description/share/arm_robot_description/urdf
[0.560s] -- Installing: /home/dudu/arm_robot_ws/install/arm_robot_description/share/arm_robot_description/urdf/arm_robot.csv
[0.561s] -- Installing: /home/dudu/arm_robot_ws/install/arm_robot_description/share/arm_robot_description/urdf/arm_robot.urdf
[0.561s] -- Installing: /home/dudu/arm_robot_ws/install/arm_robot_description/share/ament_index/resource_index/package_run_dependencies/arm_robot_description
[0.561s] -- Installing: /home/dudu/arm_robot_ws/install/arm_robot_description/share/ament_index/resource_index/parent_prefix_path/arm_robot_description
[0.561s] -- Installing: /home/dudu/arm_robot_ws/install/arm_robot_description/share/arm_robot_description/environment/ament_prefix_path.sh
[0.561s] -- Installing: /home/dudu/arm_robot_ws/install/arm_robot_description/share/arm_robot_description/environment/ament_prefix_path.dsv
[0.561s] -- Installing: /home/dudu/arm_robot_ws/install/arm_robot_description/share/arm_robot_description/environment/path.sh
[0.561s] -- Installing: /home/dudu/arm_robot_ws/install/arm_robot_description/share/arm_robot_description/environment/path.dsv
[0.562s] -- Installing: /home/dudu/arm_robot_ws/install/arm_robot_description/share/arm_robot_description/local_setup.bash
[0.562s] -- Installing: /home/dudu/arm_robot_ws/install/arm_robot_description/share/arm_robot_description/local_setup.sh
[0.562s] -- Installing: /home/dudu/arm_robot_ws/install/arm_robot_description/share/arm_robot_description/local_setup.zsh
[0.562s] -- Installing: /home/dudu/arm_robot_ws/install/arm_robot_description/share/arm_robot_description/local_setup.dsv
[0.562s] -- Installing: /home/dudu/arm_robot_ws/install/arm_robot_description/share/arm_robot_description/package.dsv
[0.562s] -- Installing: /home/dudu/arm_robot_ws/install/arm_robot_description/share/ament_index/resource_index/packages/arm_robot_description
[0.562s] -- Installing: /home/dudu/arm_robot_ws/install/arm_robot_description/share/arm_robot_description/cmake/arm_robot_descriptionConfig.cmake
[0.562s] -- Installing: /home/dudu/arm_robot_ws/install/arm_robot_description/share/arm_robot_description/cmake/arm_robot_descriptionConfig-version.cmake
[0.562s] -- Installing: /home/dudu/arm_robot_ws/install/arm_robot_description/share/arm_robot_description/package.xml
[0.564s] Invoked command in '/home/dudu/arm_robot_ws/build/arm_robot_description' returned '0': CMAKE_PREFIX_PATH=${CMAKE_PREFIX_PATH}:/home/dudu/arm_robot_ws/install/arm_robot_driver:/opt/ros/humble /usr/bin/cmake --install /home/dudu/arm_robot_ws/build/arm_robot_description
