[0.069s] DEBUG:colcon:Command line arguments: ['/usr/bin/colcon', 'build']
[0.069s] DEBUG:colcon:Parsed command line arguments: Namespace(log_base=None, log_level=None, verb_name='build', build_base='build', install_base='install', merge_install=False, symlink_install=False, test_result_base=None, continue_on_error=False, executor='parallel', parallel_workers=2, event_handlers=None, ignore_user_meta=False, metas=['./colcon.meta'], base_paths=['.'], packages_ignore=None, packages_ignore_regex=None, paths=None, packages_up_to=None, packages_up_to_regex=None, packages_above=None, packages_above_and_dependencies=None, packages_above_depth=None, packages_select_by_dep=None, packages_skip_by_dep=None, packages_skip_up_to=None, packages_select_build_failed=False, packages_skip_build_finished=False, packages_select_test_failures=False, packages_skip_test_passed=False, packages_select=None, packages_skip=None, packages_select_regex=None, packages_skip_regex=None, packages_start=None, packages_end=None, allow_overriding=[], cmake_args=None, cmake_target=None, cmake_target_skip_unavailable=False, cmake_clean_cache=False, cmake_clean_first=False, cmake_force_configure=False, ament_cmake_args=None, catkin_cmake_args=None, catkin_skip_building_tests=False, verb_parser=<colcon_defaults.argument_parser.defaults.DefaultArgumentsDecorator object at 0x703489c3d180>, verb_extension=<colcon_core.verb.build.BuildVerb object at 0x703489c3cc70>, main=<bound method BuildVerb.main of <colcon_core.verb.build.BuildVerb object at 0x703489c3cc70>>)
[0.174s] Level 1:colcon.colcon_core.package_discovery:discover_packages(colcon_meta) check parameters
[0.174s] Level 1:colcon.colcon_core.package_discovery:discover_packages(recursive) check parameters
[0.174s] Level 1:colcon.colcon_core.package_discovery:discover_packages(ignore) check parameters
[0.174s] Level 1:colcon.colcon_core.package_discovery:discover_packages(path) check parameters
[0.174s] Level 1:colcon.colcon_core.package_discovery:discover_packages(colcon_meta) discover
[0.174s] Level 1:colcon.colcon_core.package_discovery:discover_packages(recursive) discover
[0.174s] INFO:colcon.colcon_core.package_discovery:Crawling recursively for packages in '/home/dudu/arm_robot_ws'
[0.174s] Level 1:colcon.colcon_core.package_identification:_identify(.) by extensions ['ignore', 'ignore_ament_install']
[0.174s] Level 1:colcon.colcon_core.package_identification:_identify(.) by extension 'ignore'
[0.174s] Level 1:colcon.colcon_core.package_identification:_identify(.) by extension 'ignore_ament_install'
[0.174s] Level 1:colcon.colcon_core.package_identification:_identify(.) by extensions ['colcon_pkg']
[0.174s] Level 1:colcon.colcon_core.package_identification:_identify(.) by extension 'colcon_pkg'
[0.174s] Level 1:colcon.colcon_core.package_identification:_identify(.) by extensions ['colcon_meta']
[0.174s] Level 1:colcon.colcon_core.package_identification:_identify(.) by extension 'colcon_meta'
[0.174s] Level 1:colcon.colcon_core.package_identification:_identify(.) by extensions ['ros']
[0.174s] Level 1:colcon.colcon_core.package_identification:_identify(.) by extension 'ros'
[0.182s] Level 1:colcon.colcon_core.package_identification:_identify(.) by extensions ['cmake', 'python']
[0.182s] Level 1:colcon.colcon_core.package_identification:_identify(.) by extension 'cmake'
[0.182s] Level 1:colcon.colcon_core.package_identification:_identify(.) by extension 'python'
[0.182s] Level 1:colcon.colcon_core.package_identification:_identify(.) by extensions ['python_setup_py']
[0.182s] Level 1:colcon.colcon_core.package_identification:_identify(.) by extension 'python_setup_py'
[0.182s] Level 1:colcon.colcon_core.package_identification:_identify(build) by extensions ['ignore', 'ignore_ament_install']
[0.182s] Level 1:colcon.colcon_core.package_identification:_identify(build) by extension 'ignore'
[0.182s] Level 1:colcon.colcon_core.package_identification:_identify(build) ignored
[0.182s] Level 1:colcon.colcon_core.package_identification:_identify(install) by extensions ['ignore', 'ignore_ament_install']
[0.182s] Level 1:colcon.colcon_core.package_identification:_identify(install) by extension 'ignore'
[0.182s] Level 1:colcon.colcon_core.package_identification:_identify(install) ignored
[0.182s] Level 1:colcon.colcon_core.package_identification:_identify(log) by extensions ['ignore', 'ignore_ament_install']
[0.182s] Level 1:colcon.colcon_core.package_identification:_identify(log) by extension 'ignore'
[0.183s] Level 1:colcon.colcon_core.package_identification:_identify(log) ignored
[0.183s] Level 1:colcon.colcon_core.package_identification:_identify(src) by extensions ['ignore', 'ignore_ament_install']
[0.183s] Level 1:colcon.colcon_core.package_identification:_identify(src) by extension 'ignore'
[0.183s] Level 1:colcon.colcon_core.package_identification:_identify(src) by extension 'ignore_ament_install'
[0.183s] Level 1:colcon.colcon_core.package_identification:_identify(src) by extensions ['colcon_pkg']
[0.183s] Level 1:colcon.colcon_core.package_identification:_identify(src) by extension 'colcon_pkg'
[0.183s] Level 1:colcon.colcon_core.package_identification:_identify(src) by extensions ['colcon_meta']
[0.183s] Level 1:colcon.colcon_core.package_identification:_identify(src) by extension 'colcon_meta'
[0.183s] Level 1:colcon.colcon_core.package_identification:_identify(src) by extensions ['ros']
[0.183s] Level 1:colcon.colcon_core.package_identification:_identify(src) by extension 'ros'
[0.183s] Level 1:colcon.colcon_core.package_identification:_identify(src) by extensions ['cmake', 'python']
[0.183s] Level 1:colcon.colcon_core.package_identification:_identify(src) by extension 'cmake'
[0.183s] Level 1:colcon.colcon_core.package_identification:_identify(src) by extension 'python'
[0.183s] Level 1:colcon.colcon_core.package_identification:_identify(src) by extensions ['python_setup_py']
[0.183s] Level 1:colcon.colcon_core.package_identification:_identify(src) by extension 'python_setup_py'
[0.183s] Level 1:colcon.colcon_core.package_identification:_identify(src/arm_robot_description) by extensions ['ignore', 'ignore_ament_install']
[0.183s] Level 1:colcon.colcon_core.package_identification:_identify(src/arm_robot_description) by extension 'ignore'
[0.183s] Level 1:colcon.colcon_core.package_identification:_identify(src/arm_robot_description) by extension 'ignore_ament_install'
[0.183s] Level 1:colcon.colcon_core.package_identification:_identify(src/arm_robot_description) by extensions ['colcon_pkg']
[0.183s] Level 1:colcon.colcon_core.package_identification:_identify(src/arm_robot_description) by extension 'colcon_pkg'
[0.183s] Level 1:colcon.colcon_core.package_identification:_identify(src/arm_robot_description) by extensions ['colcon_meta']
[0.183s] Level 1:colcon.colcon_core.package_identification:_identify(src/arm_robot_description) by extension 'colcon_meta'
[0.183s] Level 1:colcon.colcon_core.package_identification:_identify(src/arm_robot_description) by extensions ['ros']
[0.183s] Level 1:colcon.colcon_core.package_identification:_identify(src/arm_robot_description) by extension 'ros'
[0.185s] DEBUG:colcon.colcon_core.package_identification:Package 'src/arm_robot_description' with type 'ros.ament_cmake' and name 'arm_robot_description'
[0.185s] Level 1:colcon.colcon_core.package_identification:_identify(src/arm_robot_driver) by extensions ['ignore', 'ignore_ament_install']
[0.185s] Level 1:colcon.colcon_core.package_identification:_identify(src/arm_robot_driver) by extension 'ignore'
[0.185s] Level 1:colcon.colcon_core.package_identification:_identify(src/arm_robot_driver) by extension 'ignore_ament_install'
[0.185s] Level 1:colcon.colcon_core.package_identification:_identify(src/arm_robot_driver) by extensions ['colcon_pkg']
[0.185s] Level 1:colcon.colcon_core.package_identification:_identify(src/arm_robot_driver) by extension 'colcon_pkg'
[0.185s] Level 1:colcon.colcon_core.package_identification:_identify(src/arm_robot_driver) by extensions ['colcon_meta']
[0.185s] Level 1:colcon.colcon_core.package_identification:_identify(src/arm_robot_driver) by extension 'colcon_meta'
[0.185s] Level 1:colcon.colcon_core.package_identification:_identify(src/arm_robot_driver) by extensions ['ros']
[0.185s] Level 1:colcon.colcon_core.package_identification:_identify(src/arm_robot_driver) by extension 'ros'
[0.186s] DEBUG:colcon.colcon_core.package_identification:Package 'src/arm_robot_driver' with type 'ros.ament_python' and name 'arm_robot_driver'
[0.186s] Level 1:colcon.colcon_core.package_identification:_identify(src/arm_robot_moveit) by extensions ['ignore', 'ignore_ament_install']
[0.186s] Level 1:colcon.colcon_core.package_identification:_identify(src/arm_robot_moveit) by extension 'ignore'
[0.186s] Level 1:colcon.colcon_core.package_identification:_identify(src/arm_robot_moveit) by extension 'ignore_ament_install'
[0.186s] Level 1:colcon.colcon_core.package_identification:_identify(src/arm_robot_moveit) by extensions ['colcon_pkg']
[0.186s] Level 1:colcon.colcon_core.package_identification:_identify(src/arm_robot_moveit) by extension 'colcon_pkg'
[0.186s] Level 1:colcon.colcon_core.package_identification:_identify(src/arm_robot_moveit) by extensions ['colcon_meta']
[0.186s] Level 1:colcon.colcon_core.package_identification:_identify(src/arm_robot_moveit) by extension 'colcon_meta'
[0.186s] Level 1:colcon.colcon_core.package_identification:_identify(src/arm_robot_moveit) by extensions ['ros']
[0.186s] Level 1:colcon.colcon_core.package_identification:_identify(src/arm_robot_moveit) by extension 'ros'
[0.186s] DEBUG:colcon.colcon_core.package_identification:Package 'src/arm_robot_moveit' with type 'ros.ament_cmake' and name 'arm_robot_moveit'
[0.186s] Level 1:colcon.colcon_core.package_discovery:discover_packages(recursive) using defaults
[0.186s] Level 1:colcon.colcon_core.package_discovery:discover_packages(ignore) discover
[0.186s] Level 1:colcon.colcon_core.package_discovery:discover_packages(ignore) using defaults
[0.187s] Level 1:colcon.colcon_core.package_discovery:discover_packages(path) discover
[0.187s] Level 1:colcon.colcon_core.package_discovery:discover_packages(path) using defaults
[0.205s] Level 1:colcon.colcon_core.package_discovery:discover_packages(prefix_path) check parameters
[0.205s] Level 1:colcon.colcon_core.package_discovery:discover_packages(prefix_path) discover
[0.206s] WARNING:colcon.colcon_ros.prefix_path.ament:The path '/home/dudu/arm_robot_ws/install/arm_robot_moveit' in the environment variable AMENT_PREFIX_PATH doesn't exist
[0.206s] WARNING:colcon.colcon_ros.prefix_path.ament:The path '/home/dudu/arm_robot_ws/install/arm_robot_driver' in the environment variable AMENT_PREFIX_PATH doesn't exist
[0.206s] WARNING:colcon.colcon_ros.prefix_path.ament:The path '/home/dudu/arm_robot_ws/install/arm_robot_description' in the environment variable AMENT_PREFIX_PATH doesn't exist
[0.206s] WARNING:colcon.colcon_ros.prefix_path.catkin:The path '/home/dudu/arm_robot_ws/install/arm_robot_moveit' in the environment variable CMAKE_PREFIX_PATH doesn't exist
[0.206s] WARNING:colcon.colcon_ros.prefix_path.catkin:The path '/home/dudu/arm_robot_ws/install/arm_robot_description' in the environment variable CMAKE_PREFIX_PATH doesn't exist
[0.207s] DEBUG:colcon.colcon_installed_package_information.package_discovery:Found 0 installed packages in /home/dudu/arm_robot_ws/install
[0.208s] DEBUG:colcon.colcon_installed_package_information.package_discovery:Found 391 installed packages in /opt/ros/humble
[0.209s] Level 1:colcon.colcon_core.package_discovery:discover_packages(prefix_path) using defaults
[0.244s] Level 5:colcon.colcon_core.verb:set package 'arm_robot_description' build argument 'cmake_args' from command line to 'None'
[0.244s] Level 5:colcon.colcon_core.verb:set package 'arm_robot_description' build argument 'cmake_target' from command line to 'None'
[0.244s] Level 5:colcon.colcon_core.verb:set package 'arm_robot_description' build argument 'cmake_target_skip_unavailable' from command line to 'False'
[0.244s] Level 5:colcon.colcon_core.verb:set package 'arm_robot_description' build argument 'cmake_clean_cache' from command line to 'False'
[0.244s] Level 5:colcon.colcon_core.verb:set package 'arm_robot_description' build argument 'cmake_clean_first' from command line to 'False'
[0.244s] Level 5:colcon.colcon_core.verb:set package 'arm_robot_description' build argument 'cmake_force_configure' from command line to 'False'
[0.244s] Level 5:colcon.colcon_core.verb:set package 'arm_robot_description' build argument 'ament_cmake_args' from command line to 'None'
[0.244s] Level 5:colcon.colcon_core.verb:set package 'arm_robot_description' build argument 'catkin_cmake_args' from command line to 'None'
[0.244s] Level 5:colcon.colcon_core.verb:set package 'arm_robot_description' build argument 'catkin_skip_building_tests' from command line to 'False'
[0.244s] DEBUG:colcon.colcon_core.verb:Building package 'arm_robot_description' with the following arguments: {'ament_cmake_args': None, 'build_base': '/home/dudu/arm_robot_ws/build/arm_robot_description', 'catkin_cmake_args': None, 'catkin_skip_building_tests': False, 'cmake_args': None, 'cmake_clean_cache': False, 'cmake_clean_first': False, 'cmake_force_configure': False, 'cmake_target': None, 'cmake_target_skip_unavailable': False, 'install_base': '/home/dudu/arm_robot_ws/install/arm_robot_description', 'merge_install': False, 'path': '/home/dudu/arm_robot_ws/src/arm_robot_description', 'symlink_install': False, 'test_result_base': None}
[0.244s] Level 5:colcon.colcon_core.verb:set package 'arm_robot_driver' build argument 'cmake_args' from command line to 'None'
[0.244s] Level 5:colcon.colcon_core.verb:set package 'arm_robot_driver' build argument 'cmake_target' from command line to 'None'
[0.244s] Level 5:colcon.colcon_core.verb:set package 'arm_robot_driver' build argument 'cmake_target_skip_unavailable' from command line to 'False'
[0.244s] Level 5:colcon.colcon_core.verb:set package 'arm_robot_driver' build argument 'cmake_clean_cache' from command line to 'False'
[0.244s] Level 5:colcon.colcon_core.verb:set package 'arm_robot_driver' build argument 'cmake_clean_first' from command line to 'False'
[0.244s] Level 5:colcon.colcon_core.verb:set package 'arm_robot_driver' build argument 'cmake_force_configure' from command line to 'False'
[0.244s] Level 5:colcon.colcon_core.verb:set package 'arm_robot_driver' build argument 'ament_cmake_args' from command line to 'None'
[0.244s] Level 5:colcon.colcon_core.verb:set package 'arm_robot_driver' build argument 'catkin_cmake_args' from command line to 'None'
[0.244s] Level 5:colcon.colcon_core.verb:set package 'arm_robot_driver' build argument 'catkin_skip_building_tests' from command line to 'False'
[0.244s] DEBUG:colcon.colcon_core.verb:Building package 'arm_robot_driver' with the following arguments: {'ament_cmake_args': None, 'build_base': '/home/dudu/arm_robot_ws/build/arm_robot_driver', 'catkin_cmake_args': None, 'catkin_skip_building_tests': False, 'cmake_args': None, 'cmake_clean_cache': False, 'cmake_clean_first': False, 'cmake_force_configure': False, 'cmake_target': None, 'cmake_target_skip_unavailable': False, 'install_base': '/home/dudu/arm_robot_ws/install/arm_robot_driver', 'merge_install': False, 'path': '/home/dudu/arm_robot_ws/src/arm_robot_driver', 'symlink_install': False, 'test_result_base': None}
[0.245s] Level 5:colcon.colcon_core.verb:set package 'arm_robot_moveit' build argument 'cmake_args' from command line to 'None'
[0.245s] Level 5:colcon.colcon_core.verb:set package 'arm_robot_moveit' build argument 'cmake_target' from command line to 'None'
[0.245s] Level 5:colcon.colcon_core.verb:set package 'arm_robot_moveit' build argument 'cmake_target_skip_unavailable' from command line to 'False'
[0.245s] Level 5:colcon.colcon_core.verb:set package 'arm_robot_moveit' build argument 'cmake_clean_cache' from command line to 'False'
[0.245s] Level 5:colcon.colcon_core.verb:set package 'arm_robot_moveit' build argument 'cmake_clean_first' from command line to 'False'
[0.245s] Level 5:colcon.colcon_core.verb:set package 'arm_robot_moveit' build argument 'cmake_force_configure' from command line to 'False'
[0.245s] Level 5:colcon.colcon_core.verb:set package 'arm_robot_moveit' build argument 'ament_cmake_args' from command line to 'None'
[0.245s] Level 5:colcon.colcon_core.verb:set package 'arm_robot_moveit' build argument 'catkin_cmake_args' from command line to 'None'
[0.245s] Level 5:colcon.colcon_core.verb:set package 'arm_robot_moveit' build argument 'catkin_skip_building_tests' from command line to 'False'
[0.245s] DEBUG:colcon.colcon_core.verb:Building package 'arm_robot_moveit' with the following arguments: {'ament_cmake_args': None, 'build_base': '/home/dudu/arm_robot_ws/build/arm_robot_moveit', 'catkin_cmake_args': None, 'catkin_skip_building_tests': False, 'cmake_args': None, 'cmake_clean_cache': False, 'cmake_clean_first': False, 'cmake_force_configure': False, 'cmake_target': None, 'cmake_target_skip_unavailable': False, 'install_base': '/home/dudu/arm_robot_ws/install/arm_robot_moveit', 'merge_install': False, 'path': '/home/dudu/arm_robot_ws/src/arm_robot_moveit', 'symlink_install': False, 'test_result_base': None}
[0.245s] INFO:colcon.colcon_core.executor:Executing jobs using 'parallel' executor
[0.246s] DEBUG:colcon.colcon_parallel_executor.executor.parallel:run_until_complete
[0.246s] INFO:colcon.colcon_ros.task.ament_cmake.build:Building ROS package in '/home/dudu/arm_robot_ws/src/arm_robot_description' with build type 'ament_cmake'
[0.246s] INFO:colcon.colcon_cmake.task.cmake.build:Building CMake package in '/home/dudu/arm_robot_ws/src/arm_robot_description'
[0.247s] INFO:colcon.colcon_core.plugin_system:Skipping extension 'colcon_core.shell.bat': Not used on non-Windows systems
[0.247s] INFO:colcon.colcon_core.shell:Skip shell extension 'powershell' for command environment: Not usable outside of PowerShell
[0.247s] DEBUG:colcon.colcon_core.shell:Skip shell extension 'dsv' for command environment
[0.251s] INFO:colcon.colcon_ros.task.ament_python.build:Building ROS package in '/home/dudu/arm_robot_ws/src/arm_robot_driver' with build type 'ament_python'
[0.252s] Level 1:colcon.colcon_core.shell:create_environment_hook('arm_robot_driver', 'ament_prefix_path')
[0.252s] INFO:colcon.colcon_core.shell:Creating environment hook '/home/dudu/arm_robot_ws/install/arm_robot_driver/share/arm_robot_driver/hook/ament_prefix_path.ps1'
[0.252s] INFO:colcon.colcon_core.shell:Creating environment descriptor '/home/dudu/arm_robot_ws/install/arm_robot_driver/share/arm_robot_driver/hook/ament_prefix_path.dsv'
[0.252s] INFO:colcon.colcon_core.shell:Creating environment hook '/home/dudu/arm_robot_ws/install/arm_robot_driver/share/arm_robot_driver/hook/ament_prefix_path.sh'
[0.253s] INFO:colcon.colcon_core.shell:Skip shell extension 'powershell' for command environment: Not usable outside of PowerShell
[0.253s] DEBUG:colcon.colcon_core.shell:Skip shell extension 'dsv' for command environment
[0.258s] DEBUG:colcon.colcon_core.event_handler.log_command:Invoking command in '/home/dudu/arm_robot_ws/build/arm_robot_description': CMAKE_PREFIX_PATH=${CMAKE_PREFIX_PATH}:/home/dudu/arm_robot_ws/install/arm_robot_driver:/opt/ros/humble /usr/bin/cmake /home/dudu/arm_robot_ws/src/arm_robot_description -DCMAKE_INSTALL_PREFIX=/home/dudu/arm_robot_ws/install/arm_robot_description
[0.429s] INFO:colcon.colcon_core.task.python.build:Building Python package in '/home/dudu/arm_robot_ws/src/arm_robot_driver'
[0.429s] INFO:colcon.colcon_core.shell:Skip shell extension 'powershell' for command environment: Not usable outside of PowerShell
[0.429s] DEBUG:colcon.colcon_core.shell:Skip shell extension 'dsv' for command environment
[0.666s] DEBUG:colcon.colcon_core.event_handler.log_command:Invoking command in '/home/dudu/arm_robot_ws/src/arm_robot_driver': PYTHONPATH=/home/dudu/arm_robot_ws/build/arm_robot_driver/prefix_override:/home/dudu/arm_robot_ws/install/arm_robot_driver/lib/python3.10/site-packages:${PYTHONPATH} /usr/bin/python3 -W ignore:setup.py install is deprecated setup.py egg_info --egg-base ../../build/arm_robot_driver build --build-base /home/dudu/arm_robot_ws/build/arm_robot_driver/build install --record /home/dudu/arm_robot_ws/build/arm_robot_driver/install.log --single-version-externally-managed install_data
[0.731s] DEBUG:colcon.colcon_core.event_handler.log_command:Invoked command in '/home/dudu/arm_robot_ws/build/arm_robot_description' returned '0': CMAKE_PREFIX_PATH=${CMAKE_PREFIX_PATH}:/home/dudu/arm_robot_ws/install/arm_robot_driver:/opt/ros/humble /usr/bin/cmake /home/dudu/arm_robot_ws/src/arm_robot_description -DCMAKE_INSTALL_PREFIX=/home/dudu/arm_robot_ws/install/arm_robot_description
[0.733s] DEBUG:colcon.colcon_core.event_handler.log_command:Invoking command in '/home/dudu/arm_robot_ws/build/arm_robot_description': CMAKE_PREFIX_PATH=${CMAKE_PREFIX_PATH}:/home/dudu/arm_robot_ws/install/arm_robot_driver:/opt/ros/humble /usr/bin/cmake --build /home/dudu/arm_robot_ws/build/arm_robot_description -- -j2 -l2
[0.760s] DEBUG:colcon.colcon_core.event_handler.log_command:Invoked command in '/home/dudu/arm_robot_ws/build/arm_robot_description' returned '0': CMAKE_PREFIX_PATH=${CMAKE_PREFIX_PATH}:/home/dudu/arm_robot_ws/install/arm_robot_driver:/opt/ros/humble /usr/bin/cmake --build /home/dudu/arm_robot_ws/build/arm_robot_description -- -j2 -l2
[0.788s] DEBUG:colcon.colcon_core.event_handler.log_command:Invoking command in '/home/dudu/arm_robot_ws/build/arm_robot_description': CMAKE_PREFIX_PATH=${CMAKE_PREFIX_PATH}:/home/dudu/arm_robot_ws/install/arm_robot_driver:/opt/ros/humble /usr/bin/cmake --install /home/dudu/arm_robot_ws/build/arm_robot_description
[0.809s] Level 1:colcon.colcon_core.environment:create_environment_scripts_only(arm_robot_description)
[0.810s] DEBUG:colcon.colcon_core.event_handler.log_command:Invoked command in '/home/dudu/arm_robot_ws/build/arm_robot_description' returned '0': CMAKE_PREFIX_PATH=${CMAKE_PREFIX_PATH}:/home/dudu/arm_robot_ws/install/arm_robot_driver:/opt/ros/humble /usr/bin/cmake --install /home/dudu/arm_robot_ws/build/arm_robot_description
[0.811s] Level 1:colcon.colcon_core.environment:checking '/home/dudu/arm_robot_ws/install/arm_robot_description' for CMake module files
[0.812s] Level 1:colcon.colcon_core.environment:checking '/home/dudu/arm_robot_ws/install/arm_robot_description' for CMake config files
[0.812s] Level 1:colcon.colcon_core.shell:create_environment_hook('arm_robot_description', 'cmake_prefix_path')
[0.812s] INFO:colcon.colcon_core.shell:Creating environment hook '/home/dudu/arm_robot_ws/install/arm_robot_description/share/arm_robot_description/hook/cmake_prefix_path.ps1'
[0.812s] INFO:colcon.colcon_core.shell:Creating environment descriptor '/home/dudu/arm_robot_ws/install/arm_robot_description/share/arm_robot_description/hook/cmake_prefix_path.dsv'
[0.813s] INFO:colcon.colcon_core.shell:Creating environment hook '/home/dudu/arm_robot_ws/install/arm_robot_description/share/arm_robot_description/hook/cmake_prefix_path.sh'
[0.813s] Level 1:colcon.colcon_core.environment:checking '/home/dudu/arm_robot_ws/install/arm_robot_description/bin'
[0.813s] Level 1:colcon.colcon_core.environment:checking '/home/dudu/arm_robot_ws/install/arm_robot_description/lib/pkgconfig/arm_robot_description.pc'
[0.813s] Level 1:colcon.colcon_core.environment:checking '/home/dudu/arm_robot_ws/install/arm_robot_description/lib/python3.10/site-packages'
[0.813s] Level 1:colcon.colcon_core.environment:checking '/home/dudu/arm_robot_ws/install/arm_robot_description/bin'
[0.813s] INFO:colcon.colcon_core.shell:Creating package script '/home/dudu/arm_robot_ws/install/arm_robot_description/share/arm_robot_description/package.ps1'
[0.814s] INFO:colcon.colcon_core.shell:Creating package descriptor '/home/dudu/arm_robot_ws/install/arm_robot_description/share/arm_robot_description/package.dsv'
[0.814s] INFO:colcon.colcon_core.shell:Creating package script '/home/dudu/arm_robot_ws/install/arm_robot_description/share/arm_robot_description/package.sh'
[0.815s] INFO:colcon.colcon_core.shell:Creating package script '/home/dudu/arm_robot_ws/install/arm_robot_description/share/arm_robot_description/package.bash'
[0.815s] INFO:colcon.colcon_core.shell:Creating package script '/home/dudu/arm_robot_ws/install/arm_robot_description/share/arm_robot_description/package.zsh'
[0.815s] Level 1:colcon.colcon_core.environment:create_file_with_runtime_dependencies(/home/dudu/arm_robot_ws/install/arm_robot_description/share/colcon-core/packages/arm_robot_description)
[0.837s] Level 1:colcon.colcon_core.environment:create_environment_scripts_only(arm_robot_description)
[0.837s] Level 1:colcon.colcon_core.environment:checking '/home/dudu/arm_robot_ws/install/arm_robot_description' for CMake module files
[0.838s] Level 1:colcon.colcon_core.environment:checking '/home/dudu/arm_robot_ws/install/arm_robot_description' for CMake config files
[0.838s] Level 1:colcon.colcon_core.shell:create_environment_hook('arm_robot_description', 'cmake_prefix_path')
[0.838s] INFO:colcon.colcon_core.shell:Creating environment hook '/home/dudu/arm_robot_ws/install/arm_robot_description/share/arm_robot_description/hook/cmake_prefix_path.ps1'
[0.838s] INFO:colcon.colcon_core.shell:Creating environment descriptor '/home/dudu/arm_robot_ws/install/arm_robot_description/share/arm_robot_description/hook/cmake_prefix_path.dsv'
[0.839s] INFO:colcon.colcon_core.shell:Creating environment hook '/home/dudu/arm_robot_ws/install/arm_robot_description/share/arm_robot_description/hook/cmake_prefix_path.sh'
[0.839s] Level 1:colcon.colcon_core.environment:checking '/home/dudu/arm_robot_ws/install/arm_robot_description/bin'
[0.839s] Level 1:colcon.colcon_core.environment:checking '/home/dudu/arm_robot_ws/install/arm_robot_description/lib/pkgconfig/arm_robot_description.pc'
[0.839s] Level 1:colcon.colcon_core.environment:checking '/home/dudu/arm_robot_ws/install/arm_robot_description/lib/python3.10/site-packages'
[0.840s] Level 1:colcon.colcon_core.environment:checking '/home/dudu/arm_robot_ws/install/arm_robot_description/bin'
[0.840s] INFO:colcon.colcon_core.shell:Creating package script '/home/dudu/arm_robot_ws/install/arm_robot_description/share/arm_robot_description/package.ps1'
[0.840s] INFO:colcon.colcon_core.shell:Creating package descriptor '/home/dudu/arm_robot_ws/install/arm_robot_description/share/arm_robot_description/package.dsv'
[0.840s] INFO:colcon.colcon_core.shell:Creating package script '/home/dudu/arm_robot_ws/install/arm_robot_description/share/arm_robot_description/package.sh'
[0.841s] INFO:colcon.colcon_core.shell:Creating package script '/home/dudu/arm_robot_ws/install/arm_robot_description/share/arm_robot_description/package.bash'
[0.841s] INFO:colcon.colcon_core.shell:Creating package script '/home/dudu/arm_robot_ws/install/arm_robot_description/share/arm_robot_description/package.zsh'
[0.841s] Level 1:colcon.colcon_core.environment:create_file_with_runtime_dependencies(/home/dudu/arm_robot_ws/install/arm_robot_description/share/colcon-core/packages/arm_robot_description)
[0.842s] INFO:colcon.colcon_ros.task.ament_cmake.build:Building ROS package in '/home/dudu/arm_robot_ws/src/arm_robot_moveit' with build type 'ament_cmake'
[0.842s] INFO:colcon.colcon_cmake.task.cmake.build:Building CMake package in '/home/dudu/arm_robot_ws/src/arm_robot_moveit'
[0.842s] INFO:colcon.colcon_core.shell:Skip shell extension 'powershell' for command environment: Not usable outside of PowerShell
[0.842s] DEBUG:colcon.colcon_core.shell:Skip shell extension 'dsv' for command environment
[0.852s] DEBUG:colcon.colcon_core.event_handler.log_command:Invoking command in '/home/dudu/arm_robot_ws/build/arm_robot_moveit': CMAKE_PREFIX_PATH=/home/dudu/arm_robot_ws/install/arm_robot_description:/home/dudu/arm_robot_ws/install/arm_robot_moveit:/home/dudu/arm_robot_ws/install/arm_robot_driver:/opt/ros/humble /usr/bin/cmake /home/dudu/arm_robot_ws/src/arm_robot_moveit -DCMAKE_INSTALL_PREFIX=/home/dudu/arm_robot_ws/install/arm_robot_moveit
[0.881s] Level 1:colcon.colcon_core.environment:checking '/home/dudu/arm_robot_ws/install/arm_robot_driver' for CMake module files
[0.882s] DEBUG:colcon.colcon_core.event_handler.log_command:Invoked command in '/home/dudu/arm_robot_ws/src/arm_robot_driver' returned '0': PYTHONPATH=/home/dudu/arm_robot_ws/build/arm_robot_driver/prefix_override:/home/dudu/arm_robot_ws/install/arm_robot_driver/lib/python3.10/site-packages:${PYTHONPATH} /usr/bin/python3 -W ignore:setup.py install is deprecated setup.py egg_info --egg-base ../../build/arm_robot_driver build --build-base /home/dudu/arm_robot_ws/build/arm_robot_driver/build install --record /home/dudu/arm_robot_ws/build/arm_robot_driver/install.log --single-version-externally-managed install_data
[0.882s] Level 1:colcon.colcon_core.environment:checking '/home/dudu/arm_robot_ws/install/arm_robot_driver' for CMake config files
[0.882s] Level 1:colcon.colcon_core.environment:checking '/home/dudu/arm_robot_ws/install/arm_robot_driver/lib'
[0.883s] Level 1:colcon.colcon_core.environment:checking '/home/dudu/arm_robot_ws/install/arm_robot_driver/bin'
[0.883s] Level 1:colcon.colcon_core.environment:checking '/home/dudu/arm_robot_ws/install/arm_robot_driver/lib/pkgconfig/arm_robot_driver.pc'
[0.883s] Level 1:colcon.colcon_core.environment:checking '/home/dudu/arm_robot_ws/install/arm_robot_driver/lib/python3.10/site-packages'
[0.883s] Level 1:colcon.colcon_core.shell:create_environment_hook('arm_robot_driver', 'pythonpath')
[0.883s] INFO:colcon.colcon_core.shell:Creating environment hook '/home/dudu/arm_robot_ws/install/arm_robot_driver/share/arm_robot_driver/hook/pythonpath.ps1'
[0.883s] INFO:colcon.colcon_core.shell:Creating environment descriptor '/home/dudu/arm_robot_ws/install/arm_robot_driver/share/arm_robot_driver/hook/pythonpath.dsv'
[0.884s] INFO:colcon.colcon_core.shell:Creating environment hook '/home/dudu/arm_robot_ws/install/arm_robot_driver/share/arm_robot_driver/hook/pythonpath.sh'
[0.884s] Level 1:colcon.colcon_core.environment:checking '/home/dudu/arm_robot_ws/install/arm_robot_driver/bin'
[0.884s] Level 1:colcon.colcon_core.environment:create_environment_scripts_only(arm_robot_driver)
[0.884s] INFO:colcon.colcon_core.shell:Creating package script '/home/dudu/arm_robot_ws/install/arm_robot_driver/share/arm_robot_driver/package.ps1'
[0.884s] INFO:colcon.colcon_core.shell:Creating package descriptor '/home/dudu/arm_robot_ws/install/arm_robot_driver/share/arm_robot_driver/package.dsv'
[0.885s] INFO:colcon.colcon_core.shell:Creating package script '/home/dudu/arm_robot_ws/install/arm_robot_driver/share/arm_robot_driver/package.sh'
[0.885s] INFO:colcon.colcon_core.shell:Creating package script '/home/dudu/arm_robot_ws/install/arm_robot_driver/share/arm_robot_driver/package.bash'
[0.885s] INFO:colcon.colcon_core.shell:Creating package script '/home/dudu/arm_robot_ws/install/arm_robot_driver/share/arm_robot_driver/package.zsh'
[0.885s] Level 1:colcon.colcon_core.environment:create_file_with_runtime_dependencies(/home/dudu/arm_robot_ws/install/arm_robot_driver/share/colcon-core/packages/arm_robot_driver)
[1.305s] DEBUG:colcon.colcon_core.event_handler.log_command:Invoked command in '/home/dudu/arm_robot_ws/build/arm_robot_moveit' returned '0': CMAKE_PREFIX_PATH=/home/dudu/arm_robot_ws/install/arm_robot_description:/home/dudu/arm_robot_ws/install/arm_robot_moveit:/home/dudu/arm_robot_ws/install/arm_robot_driver:/opt/ros/humble /usr/bin/cmake /home/dudu/arm_robot_ws/src/arm_robot_moveit -DCMAKE_INSTALL_PREFIX=/home/dudu/arm_robot_ws/install/arm_robot_moveit
[1.305s] DEBUG:colcon.colcon_core.event_handler.log_command:Invoking command in '/home/dudu/arm_robot_ws/build/arm_robot_moveit': CMAKE_PREFIX_PATH=/home/dudu/arm_robot_ws/install/arm_robot_description:/home/dudu/arm_robot_ws/install/arm_robot_moveit:/home/dudu/arm_robot_ws/install/arm_robot_driver:/opt/ros/humble /usr/bin/cmake --build /home/dudu/arm_robot_ws/build/arm_robot_moveit -- -j2 -l2
[1.334s] DEBUG:colcon.colcon_core.event_handler.log_command:Invoked command in '/home/dudu/arm_robot_ws/build/arm_robot_moveit' returned '0': CMAKE_PREFIX_PATH=/home/dudu/arm_robot_ws/install/arm_robot_description:/home/dudu/arm_robot_ws/install/arm_robot_moveit:/home/dudu/arm_robot_ws/install/arm_robot_driver:/opt/ros/humble /usr/bin/cmake --build /home/dudu/arm_robot_ws/build/arm_robot_moveit -- -j2 -l2
[1.355s] DEBUG:colcon.colcon_core.event_handler.log_command:Invoking command in '/home/dudu/arm_robot_ws/build/arm_robot_moveit': CMAKE_PREFIX_PATH=/home/dudu/arm_robot_ws/install/arm_robot_description:/home/dudu/arm_robot_ws/install/arm_robot_moveit:/home/dudu/arm_robot_ws/install/arm_robot_driver:/opt/ros/humble /usr/bin/cmake --install /home/dudu/arm_robot_ws/build/arm_robot_moveit
[1.366s] Level 1:colcon.colcon_core.environment:create_environment_scripts_only(arm_robot_moveit)
[1.366s] DEBUG:colcon.colcon_core.event_handler.log_command:Invoked command in '/home/dudu/arm_robot_ws/build/arm_robot_moveit' returned '0': CMAKE_PREFIX_PATH=/home/dudu/arm_robot_ws/install/arm_robot_description:/home/dudu/arm_robot_ws/install/arm_robot_moveit:/home/dudu/arm_robot_ws/install/arm_robot_driver:/opt/ros/humble /usr/bin/cmake --install /home/dudu/arm_robot_ws/build/arm_robot_moveit
[1.367s] Level 1:colcon.colcon_core.environment:checking '/home/dudu/arm_robot_ws/install/arm_robot_moveit' for CMake module files
[1.367s] Level 1:colcon.colcon_core.environment:checking '/home/dudu/arm_robot_ws/install/arm_robot_moveit' for CMake config files
[1.368s] Level 1:colcon.colcon_core.shell:create_environment_hook('arm_robot_moveit', 'cmake_prefix_path')
[1.368s] INFO:colcon.colcon_core.shell:Creating environment hook '/home/dudu/arm_robot_ws/install/arm_robot_moveit/share/arm_robot_moveit/hook/cmake_prefix_path.ps1'
[1.368s] INFO:colcon.colcon_core.shell:Creating environment descriptor '/home/dudu/arm_robot_ws/install/arm_robot_moveit/share/arm_robot_moveit/hook/cmake_prefix_path.dsv'
[1.368s] INFO:colcon.colcon_core.shell:Creating environment hook '/home/dudu/arm_robot_ws/install/arm_robot_moveit/share/arm_robot_moveit/hook/cmake_prefix_path.sh'
[1.368s] Level 1:colcon.colcon_core.environment:checking '/home/dudu/arm_robot_ws/install/arm_robot_moveit/bin'
[1.368s] Level 1:colcon.colcon_core.environment:checking '/home/dudu/arm_robot_ws/install/arm_robot_moveit/lib/pkgconfig/arm_robot_moveit.pc'
[1.369s] Level 1:colcon.colcon_core.environment:checking '/home/dudu/arm_robot_ws/install/arm_robot_moveit/lib/python3.10/site-packages'
[1.369s] Level 1:colcon.colcon_core.environment:checking '/home/dudu/arm_robot_ws/install/arm_robot_moveit/bin'
[1.369s] INFO:colcon.colcon_core.shell:Creating package script '/home/dudu/arm_robot_ws/install/arm_robot_moveit/share/arm_robot_moveit/package.ps1'
[1.369s] INFO:colcon.colcon_core.shell:Creating package descriptor '/home/dudu/arm_robot_ws/install/arm_robot_moveit/share/arm_robot_moveit/package.dsv'
[1.369s] INFO:colcon.colcon_core.shell:Creating package script '/home/dudu/arm_robot_ws/install/arm_robot_moveit/share/arm_robot_moveit/package.sh'
[1.370s] INFO:colcon.colcon_core.shell:Creating package script '/home/dudu/arm_robot_ws/install/arm_robot_moveit/share/arm_robot_moveit/package.bash'
[1.370s] INFO:colcon.colcon_core.shell:Creating package script '/home/dudu/arm_robot_ws/install/arm_robot_moveit/share/arm_robot_moveit/package.zsh'
[1.370s] Level 1:colcon.colcon_core.environment:create_file_with_runtime_dependencies(/home/dudu/arm_robot_ws/install/arm_robot_moveit/share/colcon-core/packages/arm_robot_moveit)
[1.394s] Level 1:colcon.colcon_core.environment:create_environment_scripts_only(arm_robot_moveit)
[1.394s] Level 1:colcon.colcon_core.environment:checking '/home/dudu/arm_robot_ws/install/arm_robot_moveit' for CMake module files
[1.394s] Level 1:colcon.colcon_core.environment:checking '/home/dudu/arm_robot_ws/install/arm_robot_moveit' for CMake config files
[1.395s] Level 1:colcon.colcon_core.shell:create_environment_hook('arm_robot_moveit', 'cmake_prefix_path')
[1.395s] INFO:colcon.colcon_core.shell:Creating environment hook '/home/dudu/arm_robot_ws/install/arm_robot_moveit/share/arm_robot_moveit/hook/cmake_prefix_path.ps1'
[1.395s] INFO:colcon.colcon_core.shell:Creating environment descriptor '/home/dudu/arm_robot_ws/install/arm_robot_moveit/share/arm_robot_moveit/hook/cmake_prefix_path.dsv'
[1.395s] INFO:colcon.colcon_core.shell:Creating environment hook '/home/dudu/arm_robot_ws/install/arm_robot_moveit/share/arm_robot_moveit/hook/cmake_prefix_path.sh'
[1.396s] Level 1:colcon.colcon_core.environment:checking '/home/dudu/arm_robot_ws/install/arm_robot_moveit/bin'
[1.396s] Level 1:colcon.colcon_core.environment:checking '/home/dudu/arm_robot_ws/install/arm_robot_moveit/lib/pkgconfig/arm_robot_moveit.pc'
[1.396s] Level 1:colcon.colcon_core.environment:checking '/home/dudu/arm_robot_ws/install/arm_robot_moveit/lib/python3.10/site-packages'
[1.396s] Level 1:colcon.colcon_core.environment:checking '/home/dudu/arm_robot_ws/install/arm_robot_moveit/bin'
[1.396s] INFO:colcon.colcon_core.shell:Creating package script '/home/dudu/arm_robot_ws/install/arm_robot_moveit/share/arm_robot_moveit/package.ps1'
[1.397s] INFO:colcon.colcon_core.shell:Creating package descriptor '/home/dudu/arm_robot_ws/install/arm_robot_moveit/share/arm_robot_moveit/package.dsv'
[1.397s] INFO:colcon.colcon_core.shell:Creating package script '/home/dudu/arm_robot_ws/install/arm_robot_moveit/share/arm_robot_moveit/package.sh'
[1.397s] INFO:colcon.colcon_core.shell:Creating package script '/home/dudu/arm_robot_ws/install/arm_robot_moveit/share/arm_robot_moveit/package.bash'
[1.398s] INFO:colcon.colcon_core.shell:Creating package script '/home/dudu/arm_robot_ws/install/arm_robot_moveit/share/arm_robot_moveit/package.zsh'
[1.398s] Level 1:colcon.colcon_core.environment:create_file_with_runtime_dependencies(/home/dudu/arm_robot_ws/install/arm_robot_moveit/share/colcon-core/packages/arm_robot_moveit)
[1.398s] DEBUG:colcon.colcon_parallel_executor.executor.parallel:closing loop
[1.399s] DEBUG:colcon.colcon_parallel_executor.executor.parallel:loop closed
[1.399s] DEBUG:colcon.colcon_parallel_executor.executor.parallel:run_until_complete finished with '0'
[1.399s] DEBUG:colcon.colcon_core.event_reactor:joining thread
[1.404s] INFO:colcon.colcon_core.plugin_system:Skipping extension 'colcon_notification.desktop_notification.terminal_notifier': Not used on non-Darwin systems
[1.404s] INFO:colcon.colcon_core.plugin_system:Skipping extension 'colcon_notification.desktop_notification.win32': Not used on non-Windows systems
[1.404s] INFO:colcon.colcon_notification.desktop_notification:Sending desktop notification using 'notify2'
[1.414s] DEBUG:colcon.colcon_core.event_reactor:joined thread
[1.415s] INFO:colcon.colcon_core.shell:Creating prefix script '/home/dudu/arm_robot_ws/install/local_setup.ps1'
[1.415s] INFO:colcon.colcon_core.shell:Creating prefix util module '/home/dudu/arm_robot_ws/install/_local_setup_util_ps1.py'
[1.416s] INFO:colcon.colcon_core.shell:Creating prefix chain script '/home/dudu/arm_robot_ws/install/setup.ps1'
[1.417s] INFO:colcon.colcon_core.shell:Creating prefix script '/home/dudu/arm_robot_ws/install/local_setup.sh'
[1.417s] INFO:colcon.colcon_core.shell:Creating prefix util module '/home/dudu/arm_robot_ws/install/_local_setup_util_sh.py'
[1.417s] INFO:colcon.colcon_core.shell:Creating prefix chain script '/home/dudu/arm_robot_ws/install/setup.sh'
[1.418s] INFO:colcon.colcon_core.shell:Creating prefix script '/home/dudu/arm_robot_ws/install/local_setup.bash'
[1.419s] INFO:colcon.colcon_core.shell:Creating prefix chain script '/home/dudu/arm_robot_ws/install/setup.bash'
[1.419s] INFO:colcon.colcon_core.shell:Creating prefix script '/home/dudu/arm_robot_ws/install/local_setup.zsh'
[1.419s] INFO:colcon.colcon_core.shell:Creating prefix chain script '/home/dudu/arm_robot_ws/install/setup.zsh'
